<?xml version="1.0" encoding="UTF-8"?>
<testsuite name="lang.TestVisitor" tests="3" skipped="0" failures="0" errors="0" timestamp="2024-10-22T12:31:58" hostname="Adrians-MacBook-Pro.local" time="0.002">
  <properties/>
  <testcase name="runTest[msn1.in]" classname="lang.TestVisitor" time="0.001"/>
  <testcase name="runTest[msn3.in]" classname="lang.TestVisitor" time="0.0"/>
  <testcase name="runTest[msn2.in]" classname="lang.TestVisitor" time="0.001"/>
  <system-out><![CDATA[]]></system-out>
  <system-err><![CDATA[]]></system-err>
</testsuite>
