<?xml version="1.0" encoding="UTF-8"?>
<testsuite name="lang.TestDumpTree" tests="1" skipped="0" failures="0" errors="0" timestamp="2024-10-22T12:31:58" hostname="Adrians-MacBook-Pro.local" time="0.025">
  <properties/>
  <testcase name="runTest[example.in]" classname="lang.TestDumpTree" time="0.025"/>
  <system-out><![CDATA[]]></system-out>
  <system-err><![CDATA[]]></system-err>
</testsuite>
