<?xml version="1.0" encoding="UTF-8"?>
<testsuite name="lang.TestDumpTree" tests="1" skipped="0" failures="0" errors="0" timestamp="2024-11-24T16:13:53" hostname="MacBookPro" time="0.028">
  <properties/>
  <testcase name="runTest[example.in]" classname="lang.TestDumpTree" time="0.028"/>
  <system-out><![CDATA[]]></system-out>
  <system-err><![CDATA[]]></system-err>
</testsuite>
