<?xml version="1.0" encoding="UTF-8"?>
<testsuite name="lang.TestInterpreter" tests="6" skipped="0" failures="0" errors="0" timestamp="2024-11-24T16:13:53" hostname="MacBookPro" time="0.021">
  <properties/>
  <testcase name="runTest[example1.in]" classname="lang.TestInterpreter" time="0.002"/>
  <testcase name="runTest[example5.in]" classname="lang.TestInterpreter" time="0.01"/>
  <testcase name="runTest[example4.in]" classname="lang.TestInterpreter" time="0.001"/>
  <testcase name="runTest[example3.in]" classname="lang.TestInterpreter" time="0.001"/>
  <testcase name="runTest[example2.in]" classname="lang.TestInterpreter" time="0.0"/>
  <testcase name="runTest[example6.in]" classname="lang.TestInterpreter" time="0.007"/>
  <system-out><![CDATA[]]></system-out>
  <system-err><![CDATA[]]></system-err>
</testsuite>
