<?xml version="1.0" encoding="UTF-8"?>
<testsuite name="lang.TestPrettyPrinting" tests="2" skipped="0" failures="0" errors="0" timestamp="2024-10-22T12:31:58" hostname="Adrians-MacBook-Pro.local" time="0.001">
  <properties/>
  <testcase name="runTest[example1.in]" classname="lang.TestPrettyPrinting" time="0.001"/>
  <testcase name="runTest[example2.in]" classname="lang.TestPrettyPrinting" time="0.0"/>
  <system-out><![CDATA[]]></system-out>
  <system-err><![CDATA[]]></system-err>
</testsuite>
