<?xml version="1.0" encoding="UTF-8"?>
<testsuite name="lang.TestNameAnalysis" tests="4" skipped="0" failures="0" errors="0" timestamp="2024-11-24T16:13:53" hostname="MacBookPro" time="0.002">
  <properties/>
  <testcase name="runTest[example1.in]" classname="lang.TestNameAnalysis" time="0.0"/>
  <testcase name="runTest[example5.in]" classname="lang.TestNameAnalysis" time="0.001"/>
  <testcase name="runTest[example4.in]" classname="lang.TestNameAnalysis" time="0.0"/>
  <testcase name="runTest[example3.in]" classname="lang.TestNameAnalysis" time="0.001"/>
  <system-out><![CDATA[]]></system-out>
  <system-err><![CDATA[]]></system-err>
</testsuite>
